<?xml version="1.0" encoding="UTF-8"?>
<!-- Generated by org.testng.reporters.JUnitXMLReporter -->
<testsuite ignored="0" hostname="Fiji-Lenovo" failures="0" tests="1" name="ExtendReportUtility" time="0.102" errors="0" timestamp="2025-06-12T14:33:06 EDT">
  <testcase classname="testclasses.BaseM" name="@BeforeMethod beforeMethod" time="-1.749753185993E9">
    <failure type="org.testng.TestNGException" message="
Parameter &amp;apos;browzer&amp;apos; is required by BeforeMethod on method beforeMethod but has not been marked @Optional or defined
in C:\Users\jerri\git\7rmart_Supermarket\SeleniumMainProject\extendReport.xml">
      <![CDATA[org.testng.TestNGException: 
Parameter 'browzer' is required by BeforeMethod on method beforeMethod but has not been marked @Optional or defined
in C:\Users\jerri\git\7rmart_Supermarket\SeleniumMainProject\extendReport.xml
at java.base/java.util.ArrayList.forEach(ArrayList.java:1596)
... Removed 28 stack frames]]>
    </failure>
  </testcase> <!-- @BeforeMethod beforeMethod -->
  <testcase classname="testclasses.BaseM" name="@AfterMethod afterMethod" time="0.0">
    <skipped/>
  </testcase> <!-- @AfterMethod afterMethod -->
  <testcase classname="testclasses.SearchAdminUsersTestM" name="searchAdminUSers" time="0.0">
    <skipped/>
  </testcase> <!-- searchAdminUSers -->
</testsuite> <!-- ExtendReportUtility -->
