<?xml version="1.0" encoding="UTF-8"?>
<!-- Generated by org.testng.reporters.JUnitXMLReporter -->
<testsuite ignored="3" hostname="Fiji-Lenovo" failures="0" tests="3" name="groceryapp" time="0.151" errors="0" timestamp="2025-06-12T11:16:27 EDT">
  <testcase classname="testclasses.BaseM" name="@BeforeMethod beforeMethod" time="-1.749741387214E9">
    <failure type="org.testng.TestNGException" message="
Parameter &amp;apos;browzer&amp;apos; is required by BeforeMethod on method beforeMethod but has not been marked @Optional or defined
in C:\Users\jerri\git\7rmart_Supermarket\SeleniumMainProject\testng.xml">
      <![CDATA[org.testng.TestNGException: 
Parameter 'browzer' is required by BeforeMethod on method beforeMethod but has not been marked @Optional or defined
in C:\Users\jerri\git\7rmart_Supermarket\SeleniumMainProject\testng.xml
at java.base/java.util.ArrayList.forEach(ArrayList.java:1596)
... Removed 28 stack frames]]>
    </failure>
  </testcase> <!-- @BeforeMethod beforeMethod -->
  <testcase classname="testclasses.BaseM" name="@AfterMethod afterMethod" time="0.0">
    <skipped/>
  </testcase> <!-- @AfterMethod afterMethod -->
  <testcase classname="testclasses.BaseM" name="@BeforeMethod beforeMethod" time="0.0">
    <skipped/>
  </testcase> <!-- @BeforeMethod beforeMethod -->
  <testcase classname="testclasses.BaseM" name="@AfterMethod afterMethod" time="0.0">
    <skipped/>
  </testcase> <!-- @AfterMethod afterMethod -->
  <testcase classname="testclasses.BaseM" name="@BeforeMethod beforeMethod" time="0.0">
    <skipped/>
  </testcase> <!-- @BeforeMethod beforeMethod -->
  <testcase classname="testclasses.BaseM" name="@AfterMethod afterMethod" time="0.0">
    <skipped/>
  </testcase> <!-- @AfterMethod afterMethod -->
  <testcase classname="testclasses.LogintestM" name="verifyLoginUserpasswdtest3" time="0.0">
    <skipped/>
  </testcase> <!-- verifyLoginUserpasswdtest3 -->
  <testcase classname="testclasses.LogintestM" name="verifyLoginUserpasswdtest3" time="0.0">
    <skipped/>
  </testcase> <!-- verifyLoginUserpasswdtest3 -->
  <testcase classname="testclasses.LogintestM" name="verifyLoginUserpasswdtest3" time="0.0">
    <skipped/>
  </testcase> <!-- verifyLoginUserpasswdtest3 -->
  <testcase classname="testclasses.LogintestM" name="verifyLoginUserpasswdtest4" time="0.0">
    <ignored/>
  </testcase> <!-- verifyLoginUserpasswdtest4 -->
  <testcase classname="testclasses.LogintestM" name="verifyLoginUserpasswdtest1" time="0.0">
    <ignored/>
  </testcase> <!-- verifyLoginUserpasswdtest1 -->
  <testcase classname="testclasses.LogintestM" name="verifyLoginUserpasswdtest2" time="0.0">
    <ignored/>
  </testcase> <!-- verifyLoginUserpasswdtest2 -->
</testsuite> <!-- groceryapp -->
